Arguments: 
  /Users/ura/.nodebrew/node/v12.9.0/bin/node /usr/local/Cellar/yarn/1.17.3/libexec/bin/yarn.js init

PATH: 
  /Users/ura/.nodebrew/current/bin:/Users/ura/.nodebrew/current/bin:/Users/ura/.cargo/bin:/Users/ura/.pyenv/shims:/Users/ura/.rvm/gems/ruby-2.3.7/bin:/Users/ura/.rvm/gems/ruby-2.3.7@global/bin:/Users/ura/.rvm/rubies/ruby-2.3.7/bin:/usr/local/bin:/usr/bin:/bin:/usr/sbin:/sbin:/Library/TeX/texbin:/opt/X11/bin:/Library/Frameworks/Mono.framework/Versions/Current/Commands:/Users/ura/.nodebrew/current/bin:/Users/ura/.cargo/bin:/Users/ura/.pyenv/shims:/Users/ura/.rvm/gems/ruby-2.3.7/bin:/Users/ura/.rvm/gems/ruby-2.3.7@global/bin:/Users/ura/.rvm/rubies/ruby-2.3.7/bin:/Users/ura/.rvm/bin:/Applications/Visual Studio Code.app/Contents/Resources/app/bin:/Applications/Visual Studio Code.app/Contents/Resources/app/bin

Yarn version: 
  1.17.3

Node version: 
  12.9.0

Platform: 
  darwin x64

Trace: 
  Error: canceled
      at Interface.<anonymous> (/usr/local/Cellar/yarn/1.17.3/libexec/lib/cli.js:136724:13)
      at Interface.emit (events.js:209:13)
      at Interface._ttyWrite (readline.js:887:16)
      at ReadStream.onkeypress (readline.js:191:10)
      at ReadStream.emit (events.js:209:13)
      at emitKeys (internal/readline/utils.js:414:14)
      at emitKeys.next (<anonymous>)
      at ReadStream.onData (readline.js:1153:36)
      at ReadStream.emit (events.js:209:13)
      at addChunk (_stream_readable.js:305:12)

npm manifest: 
  {
    "name": "uni3-system",
    "version": "1.0.0",
    "description": "This is the system of \"Uni3\".",
    "license": "MIT",
    "main": "dist/main.js",
    "scripts": {
      "build": "webpack --progress --mode=production",
      "watch": "webpack --progress --watch"
    },
    "repository": {
      "type": "git",
      "url": "git+https://github.com/aik0aaac/Uni3-System.git"
    },
    "homepage": "https://github.com/aik0aaac/Uni3-System#readme",
    "dependencies": {
      "jquery": "^3.4.1"
    },
    "devDependencies": {
      "@babel/core": "^7.5.5",
      "@babel/preset-env": "^7.5.5",
      "babel-loader": "^8.0.6",
      "webpack": "^4.39.2",
      "webpack-cli": "^3.3.7"
    }
  }

yarn manifest: 
  No manifest

Lockfile: 
  No lockfile
